[debug] [2021-06-13T19:22:40.465Z] ----------------------------------------------------------------------
[debug] [2021-06-13T19:22:40.476Z] Command:       C:\Program Files\nodejs\node.exe C:\Users\Etuk Josiah Benjamin\AppData\Roaming\npm\node_modules\firebase-tools\lib\bin\firebase.js init
[debug] [2021-06-13T19:22:40.479Z] CLI Version:   9.12.1
[debug] [2021-06-13T19:22:40.480Z] Platform:      win32
[debug] [2021-06-13T19:22:40.481Z] Node Version:  v14.16.0
[debug] [2021-06-13T19:22:40.486Z] Time:          Sun Jun 13 2021 20:22:40 GMT+0100 (West Africa Standard Time)
[debug] [2021-06-13T19:22:40.487Z] ----------------------------------------------------------------------
[debug] 
[debug] [2021-06-13T19:22:40.528Z] > command requires scopes: ["email","openid","https://www.googleapis.com/auth/cloudplatformprojects.readonly","https://www.googleapis.com/auth/firebase","https://www.googleapis.com/auth/cloud-platform"]
[debug] [2021-06-13T19:22:40.530Z] > authorizing via signed-in user (etukjosiahbenjamin@gmail.com)
[info] 
     ######## #### ########  ######## ########     ###     ######  ########
     ##        ##  ##     ## ##       ##     ##  ##   ##  ##       ##
     ######    ##  ########  ######   ########  #########  ######  ######
     ##        ##  ##    ##  ##       ##     ## ##     ##       ## ##
     ##       #### ##     ## ######## ########  ##     ##  ######  ########

You're about to initialize a Firebase project in this directory:

  C:\Users\Etuk Josiah Benjamin\Workspace\Projects\React JS Projects\netflix-clone-react

[info] 
=== Project Setup
[info] 
[info] First, let's associate this project directory with a Firebase project.
[info] You can create multiple project aliases by running firebase use --add, 
[info] but for now we'll just set up a default project.
[info] 
[debug] [2021-06-13T19:23:59.470Z] >>> [apiv2][query] GET https://firebase.googleapis.com/v1beta1/projects pageSize=100
[debug] [2021-06-13T19:24:00.579Z] <<< [apiv2][status] GET https://firebase.googleapis.com/v1beta1/projects 200
[debug] [2021-06-13T19:24:00.580Z] <<< [apiv2][body] GET https://firebase.googleapis.com/v1beta1/projects [omitted]
[info] i  Using project netflix-clone-222f1 (netflix-clone) 
[info] 
=== Database Setup
[info] i  database: ensuring required API firebasedatabase.googleapis.com is enabled... 
[debug] [2021-06-13T19:24:05.496Z] > refreshing access token with scopes: ["email","https://www.googleapis.com/auth/cloud-platform","https://www.googleapis.com/auth/cloudplatformprojects.readonly","https://www.googleapis.com/auth/firebase","openid"]
[debug] [2021-06-13T19:24:05.498Z] >>> HTTP REQUEST POST https://www.googleapis.com/oauth2/v3/token  
 <request body omitted>
[debug] [2021-06-13T19:24:06.254Z] <<< HTTP RESPONSE 200 {"expires":"Mon, 01 Jan 1990 00:00:00 GMT","cache-control":"no-cache, no-store, max-age=0, must-revalidate","pragma":"no-cache","date":"Sun, 13 Jun 2021 19:24:05 GMT","content-type":"application/json; charset=utf-8","vary":"X-Origin, Referer, Origin,Accept-Encoding","server":"scaffolding on HTTPServer2","x-xss-protection":"0","x-frame-options":"SAMEORIGIN","x-content-type-options":"nosniff","alt-svc":"h3=\":443\"; ma=2592000,h3-29=\":443\"; ma=2592000,h3-T051=\":443\"; ma=2592000,h3-Q050=\":443\"; ma=2592000,h3-Q046=\":443\"; ma=2592000,h3-Q043=\":443\"; ma=2592000,quic=\":443\"; ma=2592000; v=\"46,43\"","accept-ranges":"none","transfer-encoding":"chunked"}
[debug] [2021-06-13T19:24:06.348Z] >>> HTTP REQUEST GET https://serviceusage.googleapis.com/v1/projects/netflix-clone-222f1/services/firebasedatabase.googleapis.com  
 
[debug] [2021-06-13T19:24:07.924Z] <<< HTTP RESPONSE 200 {"content-type":"application/json; charset=UTF-8","vary":"X-Origin, Referer, Origin,Accept-Encoding","date":"Sun, 13 Jun 2021 19:24:07 GMT","server":"ESF","cache-control":"private","x-xss-protection":"0","x-frame-options":"SAMEORIGIN","x-content-type-options":"nosniff","alt-svc":"h3=\":443\"; ma=2592000,h3-29=\":443\"; ma=2592000,h3-T051=\":443\"; ma=2592000,h3-Q050=\":443\"; ma=2592000,h3-Q046=\":443\"; ma=2592000,h3-Q043=\":443\"; ma=2592000,quic=\":443\"; ma=2592000; v=\"46,43\"","accept-ranges":"none","transfer-encoding":"chunked"}
[info] +  database: required API firebasedatabase.googleapis.com is enabled 
[info] 
[debug] [2021-06-13T19:24:07.935Z] >>> HTTP REQUEST GET https://firebasedatabase.googleapis.com/v1beta/projects/netflix-clone-222f1/locations/-/instances/netflix-clone-222f1-default-rtdb  
 
[debug] [2021-06-13T19:24:09.107Z] <<< HTTP RESPONSE 200 {"content-type":"application/json; charset=UTF-8","vary":"X-Origin, Referer, Origin,Accept-Encoding","date":"Sun, 13 Jun 2021 19:24:08 GMT","server":"ESF","cache-control":"private","x-xss-protection":"0","x-frame-options":"SAMEORIGIN","x-content-type-options":"nosniff","alt-svc":"h3=\":443\"; ma=2592000,h3-29=\":443\"; ma=2592000,h3-T051=\":443\"; ma=2592000,h3-Q050=\":443\"; ma=2592000,h3-Q046=\":443\"; ma=2592000,h3-Q043=\":443\"; ma=2592000,quic=\":443\"; ma=2592000; v=\"46,43\"","accept-ranges":"none","transfer-encoding":"chunked"}
[info] 
[info] Firebase Realtime Database Security Rules allow you to define how your data should be
[info] structured and when your data can be read from and written to.
[info] 
[debug] [2021-06-13T19:24:13.480Z] >>> HTTP REQUEST GET https://netflix-clone-222f1-default-rtdb.firebaseio.com/.settings/rules.json  
 
[debug] [2021-06-13T19:24:15.051Z] <<< HTTP RESPONSE 200 {"server":"nginx","date":"Sun, 13 Jun 2021 19:24:14 GMT","content-type":"application/json; charset=utf-8","content-length":"121","connection":"keep-alive","access-control-allow-origin":"*","cache-control":"no-cache","strict-transport-security":"max-age=31556926; includeSubDomains; preload"}
[info] +  Database Rules for netflix-clone-222f1-default-rtdb have been written to database.rules.json. 
[info] Future modifications to database.rules.json will update Realtime Database Security Rules when you run
[info] firebase deploy.
[info] 
=== Hosting Setup
[info] 
[info] Your public directory is the folder (relative to your project directory) that
[info] will contain Hosting assets to be uploaded with firebase deploy. If you
[info] have a build process for your assets, use your build's output directory.
[info] 
[info] +  Wrote public/404.html 
[debug] [2021-06-13T19:24:25.850Z] >>> [apiv2][query] GET https://www.gstatic.com/firebasejs/releases.json [none]
[debug] [2021-06-13T19:24:26.619Z] <<< [apiv2][status] GET https://www.gstatic.com/firebasejs/releases.json 200
[debug] [2021-06-13T19:24:26.621Z] <<< [apiv2][body] GET https://www.gstatic.com/firebasejs/releases.json {"current":{"version":"8.6.7","browserURL":"https://www.gstatic.com/firebasejs/8.6.7/firebase.js","packageURL":"https://www.gstatic.com/firebasejs/8.6.7/firebase.tgz"},"live":{"version":"8.6","browserURL":"https://www.gstatic.com/firebasejs/live/8.6/firebase.js","packageURL":"https://www.gstatic.com/firebasejs/live/8.6/firebase.tgz"},"components":{"analytics":"https://www.gstatic.com/firebasejs/8.6.7/firebase-analytics.js","app":"https://www.gstatic.com/firebasejs/8.6.7/firebase-app.js","app-check":"https://www.gstatic.com/firebasejs/8.6.7/firebase-app-check.js","auth":"https://www.gstatic.com/firebasejs/8.6.7/firebase-auth.js","database":"https://www.gstatic.com/firebasejs/8.6.7/firebase-database.js","firestore":"https://www.gstatic.com/firebasejs/8.6.7/firebase-firestore.js","functions":"https://www.gstatic.com/firebasejs/8.6.7/firebase-functions.js","installations":"https://www.gstatic.com/firebasejs/8.6.7/firebase-installations.js","messaging":"https://www.gstatic.com/firebasejs/8.6.7/firebase-messaging.js","storage":"https://www.gstatic.com/firebasejs/8.6.7/firebase-storage.js","performance":"https://www.gstatic.com/firebasejs/8.6.7/firebase-performance.js","remote-config":"https://www.gstatic.com/firebasejs/8.6.7/firebase-remote-config.js","firestore.memory":"https://www.gstatic.com/firebasejs/8.6.7/firebase-firestore.memory.js"}}
[info] +  Wrote public/index.html 
[info] 
[info] i  Detected a .git folder at C:\Users\Etuk Josiah Benjamin\Workspace\Projects\React JS Projects\netflix-clone-react 
[info] i  Authorizing with GitHub to upload your service account to a GitHub repository's secrets store. 
[info] 
[info] Visit this URL on this device to log in:
[info] https://github.com/login/oauth/authorize?client_id=89cf50f02ac6aaed3484&state=727216405&redirect_uri=http%3A%2F%2Flocalhost%3A9005&scope=read%3Auser%20repo%20public_repo
[info] 
[info] Waiting for authentication...
[debug] [2021-06-13T19:27:27.230Z] >>> HTTP REQUEST POST https://github.com/login/oauth/access_token  
 {"client_id":"89cf50f02ac6aaed3484","client_secret":"3330d14abc895d9a74d5f17cd7a00711fa2c5bf0","code":"af59cdcfd93c38aa65f5","redirect_uri":"http://localhost:9005","state":"727216405"}
[debug] [2021-06-13T19:27:28.045Z] <<< HTTP RESPONSE 200 {"server":"GitHub.com","date":"Sun, 13 Jun 2021 19:27:27 GMT","content-type":"application/json; charset=utf-8","transfer-encoding":"chunked","vary":"X-PJAX, Accept-Encoding, Accept, X-Requested-With","permissions-policy":"interest-cohort=()","etag":"W/\"e996f78e74f734b874945e822c95fc5e\"","cache-control":"max-age=0, private, must-revalidate","strict-transport-security":"max-age=31536000; includeSubdomains; preload","x-frame-options":"deny","x-content-type-options":"nosniff","x-xss-protection":"0","referrer-policy":"origin-when-cross-origin, strict-origin-when-cross-origin","expect-ct":"max-age=2592000, report-uri=\"https://api.github.com/_private/browser/errors\"","content-security-policy":"default-src 'none'; base-uri 'self'; block-all-mixed-content; connect-src 'self' uploads.github.com www.githubstatus.com collector.githubapp.com api.github.com github-cloud.s3.amazonaws.com github-production-repository-file-5c1aeb.s3.amazonaws.com github-production-upload-manifest-file-7fdce7.s3.amazonaws.com github-production-user-asset-6210df.s3.amazonaws.com html-translator.herokuapp.com cdn.optimizely.com logx.optimizely.com/v1/events wss://alive.github.com; font-src github.githubassets.com; form-action 'self' github.com gist.github.com; frame-ancestors 'none'; frame-src render.githubusercontent.com; img-src 'self' data: github.githubassets.com identicons.github.com collector.githubapp.com github-cloud.s3.amazonaws.com secured-user-images.githubusercontent.com/ *.githubusercontent.com; manifest-src 'self'; media-src 'none'; script-src github.githubassets.com; style-src 'unsafe-inline' github.githubassets.com; worker-src github.com/socket-worker-3f088aa2.js gist.github.com/socket-worker-3f088aa2.js","x-github-request-id":"A863:36AC:2F41B43:309A407:60C65C1E"}
[debug] [2021-06-13T19:27:28.079Z] >>> [apiv2][query] GET https://api.github.com/user [none]
[debug] [2021-06-13T19:27:29.043Z] <<< [apiv2][status] GET https://api.github.com/user 200
[debug] [2021-06-13T19:27:29.044Z] <<< [apiv2][body] GET https://api.github.com/user {"login":"JoBenEtuk","id":66846455,"node_id":"MDQ6VXNlcjY2ODQ2NDU1","avatar_url":"https://avatars.githubusercontent.com/u/66846455?v=4","gravatar_id":"","url":"https://api.github.com/users/JoBenEtuk","html_url":"https://github.com/JoBenEtuk","followers_url":"https://api.github.com/users/JoBenEtuk/followers","following_url":"https://api.github.com/users/JoBenEtuk/following{/other_user}","gists_url":"https://api.github.com/users/JoBenEtuk/gists{/gist_id}","starred_url":"https://api.github.com/users/JoBenEtuk/starred{/owner}{/repo}","subscriptions_url":"https://api.github.com/users/JoBenEtuk/subscriptions","organizations_url":"https://api.github.com/users/JoBenEtuk/orgs","repos_url":"https://api.github.com/users/JoBenEtuk/repos","events_url":"https://api.github.com/users/JoBenEtuk/events{/privacy}","received_events_url":"https://api.github.com/users/JoBenEtuk/received_events","type":"User","site_admin":false,"name":"Etuk Josiah Benjamin","company":"Sunbeam Product Studio","blog":"jobenetuk.netlify.app","location":"Lagos","email":null,"hireable":true,"bio":"iCode JS","twitter_username":"JoBenEtuk","public_repos":19,"public_gists":0,"followers":0,"following":0,"created_at":"2020-06-12T19:19:37Z","updated_at":"2021-06-13T19:27:24Z","private_gists":0,"total_private_repos":5,"owned_private_repos":5,"disk_usage":61213,"collaborators":1,"two_factor_authentication":false,"plan":{"name":"free","space":976562499,"collaborators":0,"private_repos":10000}}
[info] 
[info] +  Success! Logged into GitHub as JoBenEtuk 
[info] 
[debug] [2021-06-13T19:28:17.349Z] >>> [apiv2][query] GET https://api.github.com/repos//actions/secrets/public-key type=owner
[debug] [2021-06-13T19:28:18.497Z] <<< [apiv2][status] GET https://api.github.com/repos//actions/secrets/public-key 404
[debug] [2021-06-13T19:28:18.499Z] <<< [apiv2][body] GET https://api.github.com/repos//actions/secrets/public-key {"message":"Not Found","documentation_url":"https://docs.github.com/rest"}
